[debug] [2024-04-09T19:59:04.789Z] ----------------------------------------------------------------------
[debug] [2024-04-09T19:59:04.793Z] Command:       C:\Program Files\nodejs\node.exe C:\Users\Mitchell\AppData\Roaming\npm\node_modules\firebase-tools\lib\bin\firebase.js deploy
[debug] [2024-04-09T19:59:04.793Z] CLI Version:   13.6.0
[debug] [2024-04-09T19:59:04.793Z] Platform:      win32
[debug] [2024-04-09T19:59:04.793Z] Node Version:  v20.11.1
[debug] [2024-04-09T19:59:04.793Z] Time:          Tue Apr 09 2024 12:59:04 GMT-0700 (Pacific Daylight Saving Time)
[debug] [2024-04-09T19:59:04.793Z] ----------------------------------------------------------------------
[debug] 
[debug] [2024-04-09T19:59:04.886Z] > command requires scopes: ["email","openid","https://www.googleapis.com/auth/cloudplatformprojects.readonly","https://www.googleapis.com/auth/firebase","https://www.googleapis.com/auth/cloud-platform"]
[debug] [2024-04-09T19:59:04.887Z] > authorizing via signed-in user (mitchell.macdonald10@gmail.com)
[debug] [2024-04-09T19:59:04.887Z] [iam] checking project screenaid-6bd5a for permissions ["datastore.indexes.create","datastore.indexes.delete","datastore.indexes.list","datastore.indexes.update","firebase.projects.get","firebasehosting.sites.update"]
[debug] [2024-04-09T19:59:04.889Z] >>> [apiv2][query] POST https://cloudresourcemanager.googleapis.com/v1/projects/screenaid-6bd5a:testIamPermissions [none]
[debug] [2024-04-09T19:59:04.889Z] >>> [apiv2][(partial)header] POST https://cloudresourcemanager.googleapis.com/v1/projects/screenaid-6bd5a:testIamPermissions x-goog-quota-user=projects/screenaid-6bd5a
[debug] [2024-04-09T19:59:04.889Z] >>> [apiv2][body] POST https://cloudresourcemanager.googleapis.com/v1/projects/screenaid-6bd5a:testIamPermissions {"permissions":["datastore.indexes.create","datastore.indexes.delete","datastore.indexes.list","datastore.indexes.update","firebase.projects.get","firebasehosting.sites.update"]}
[debug] [2024-04-09T19:59:05.058Z] <<< [apiv2][status] POST https://cloudresourcemanager.googleapis.com/v1/projects/screenaid-6bd5a:testIamPermissions 200
[debug] [2024-04-09T19:59:05.059Z] <<< [apiv2][body] POST https://cloudresourcemanager.googleapis.com/v1/projects/screenaid-6bd5a:testIamPermissions {"permissions":["datastore.indexes.create","datastore.indexes.delete","datastore.indexes.list","datastore.indexes.update","firebase.projects.get","firebasehosting.sites.update"]}
[debug] [2024-04-09T19:59:05.060Z] >>> [apiv2][query] GET https://firebase.googleapis.com/v1beta1/projects/screenaid-6bd5a [none]
[debug] [2024-04-09T19:59:05.228Z] <<< [apiv2][status] GET https://firebase.googleapis.com/v1beta1/projects/screenaid-6bd5a 200
[debug] [2024-04-09T19:59:05.228Z] <<< [apiv2][body] GET https://firebase.googleapis.com/v1beta1/projects/screenaid-6bd5a {"projectId":"screenaid-6bd5a","projectNumber":"678711028474","displayName":"ScreenAID","name":"projects/screenaid-6bd5a","resources":{"hostingSite":"screenaid-6bd5a"},"state":"ACTIVE","etag":"1_41bc54d5-6e41-406f-8e5f-d5029d760c5e"}
[info] 
[info] === Deploying to 'screenaid-6bd5a'...
[info] 
[info] i  deploying firestore, hosting 
[info] i  firestore: reading indexes from firestore.indexes.json... 
[info] i  cloud.firestore: checking firestore.rules for compilation errors... 
[debug] [2024-04-09T19:59:05.236Z] >>> [apiv2][query] POST https://firebaserules.googleapis.com/v1/projects/screenaid-6bd5a:test [none]
[debug] [2024-04-09T19:59:05.236Z] >>> [apiv2][body] POST https://firebaserules.googleapis.com/v1/projects/screenaid-6bd5a:test [omitted]
[debug] [2024-04-09T19:59:05.527Z] <<< [apiv2][status] POST https://firebaserules.googleapis.com/v1/projects/screenaid-6bd5a:test 200
[debug] [2024-04-09T19:59:05.527Z] <<< [apiv2][body] POST https://firebaserules.googleapis.com/v1/projects/screenaid-6bd5a:test {}
[info] +  cloud.firestore: rules file firestore.rules compiled successfully 
[debug] [2024-04-09T19:59:05.535Z] >>> [apiv2][query] POST https://firebasehosting.googleapis.com/v1beta1/projects/-/sites/screenaid-6bd5a/versions [none]
[debug] [2024-04-09T19:59:05.535Z] >>> [apiv2][body] POST https://firebasehosting.googleapis.com/v1beta1/projects/-/sites/screenaid-6bd5a/versions {"status":"CREATED","labels":{"deployment-tool":"cli-firebase"}}
[debug] [2024-04-09T19:59:06.283Z] <<< [apiv2][status] POST https://firebasehosting.googleapis.com/v1beta1/projects/-/sites/screenaid-6bd5a/versions 200
[debug] [2024-04-09T19:59:06.283Z] <<< [apiv2][body] POST https://firebasehosting.googleapis.com/v1beta1/projects/-/sites/screenaid-6bd5a/versions {"name":"projects/678711028474/sites/screenaid-6bd5a/versions/3e9816be7eae5479","status":"CREATED","config":{},"labels":{"deployment-tool":"cli-firebase"}}
[info] i  firestore: deploying indexes... 
[debug] [2024-04-09T19:59:06.287Z] >>> [apiv2][query] GET https://firebaserules.googleapis.com/v1/projects/screenaid-6bd5a/releases pageSize=10&pageToken=
[debug] [2024-04-09T19:59:06.288Z] >>> [apiv2][query] GET https://firestore.googleapis.com/v1/projects/screenaid-6bd5a/databases/(default)/collectionGroups/-/indexes [none]
[debug] [2024-04-09T19:59:06.552Z] <<< [apiv2][status] GET https://firebaserules.googleapis.com/v1/projects/screenaid-6bd5a/releases 200
[debug] [2024-04-09T19:59:06.552Z] <<< [apiv2][body] GET https://firebaserules.googleapis.com/v1/projects/screenaid-6bd5a/releases {"releases":[{"name":"projects/screenaid-6bd5a/releases/cloud.firestore","rulesetName":"projects/screenaid-6bd5a/rulesets/b72eb869-3be6-454b-b775-54b54be044c5","createTime":"2024-03-19T21:03:46.464777Z","updateTime":"2024-03-19T21:03:46.464777Z"}]}
[debug] [2024-04-09T19:59:06.553Z] >>> [apiv2][query] GET https://firebaserules.googleapis.com/v1/projects/screenaid-6bd5a/rulesets/b72eb869-3be6-454b-b775-54b54be044c5 [none]
[debug] [2024-04-09T19:59:06.630Z] <<< [apiv2][status] GET https://firestore.googleapis.com/v1/projects/screenaid-6bd5a/databases/(default)/collectionGroups/-/indexes 200
[debug] [2024-04-09T19:59:06.630Z] <<< [apiv2][body] GET https://firestore.googleapis.com/v1/projects/screenaid-6bd5a/databases/(default)/collectionGroups/-/indexes {}
[debug] [2024-04-09T19:59:06.631Z] >>> [apiv2][query] GET https://firestore.googleapis.com/v1/projects/screenaid-6bd5a/databases/(default)/collectionGroups/-/fields?filter=indexConfig.usesAncestorConfig=false OR ttlConfig:* [none]
[debug] [2024-04-09T19:59:06.715Z] <<< [apiv2][status] GET https://firestore.googleapis.com/v1/projects/screenaid-6bd5a/databases/(default)/collectionGroups/-/fields?filter=indexConfig.usesAncestorConfig=false OR ttlConfig:* 200
[debug] [2024-04-09T19:59:06.715Z] <<< [apiv2][body] GET https://firestore.googleapis.com/v1/projects/screenaid-6bd5a/databases/(default)/collectionGroups/-/fields?filter=indexConfig.usesAncestorConfig=false OR ttlConfig:* {"fields":[{"name":"projects/screenaid-6bd5a/databases/(default)/collectionGroups/__default__/fields/*","indexConfig":{"indexes":[{"queryScope":"COLLECTION","fields":[{"fieldPath":"*","order":"ASCENDING"}],"state":"READY"},{"queryScope":"COLLECTION","fields":[{"fieldPath":"*","order":"DESCENDING"}],"state":"READY"},{"queryScope":"COLLECTION","fields":[{"fieldPath":"*","arrayConfig":"CONTAINS"}],"state":"READY"}]}}]}
[info] +  firestore: deployed indexes in firestore.indexes.json successfully for (default) database 
[debug] [2024-04-09T19:59:06.820Z] <<< [apiv2][status] GET https://firebaserules.googleapis.com/v1/projects/screenaid-6bd5a/rulesets/b72eb869-3be6-454b-b775-54b54be044c5 200
[debug] [2024-04-09T19:59:06.820Z] <<< [apiv2][body] GET https://firebaserules.googleapis.com/v1/projects/screenaid-6bd5a/rulesets/b72eb869-3be6-454b-b775-54b54be044c5 [omitted]
[info] i  firestore: latest version of firestore.rules already up to date, skipping upload... 
[info] i  hosting[screenaid-6bd5a]: beginning deploy... 
[debug] [2024-04-09T19:59:08.047Z] Error: EPERM: operation not permitted, scandir 'C:\Users\Mitchell\AppData\Local\Application Data'
    at Object.readdirSync (node:fs:1515:26)
    at GlobSync._readdir (C:\Users\Mitchell\AppData\Roaming\npm\node_modules\firebase-tools\node_modules\glob\sync.js:288:46)
    at GlobSync._readdirInGlobStar (C:\Users\Mitchell\AppData\Roaming\npm\node_modules\firebase-tools\node_modules\glob\sync.js:245:17)
    at GlobSync._readdir (C:\Users\Mitchell\AppData\Roaming\npm\node_modules\firebase-tools\node_modules\glob\sync.js:276:17)
    at GlobSync._processReaddir (C:\Users\Mitchell\AppData\Roaming\npm\node_modules\firebase-tools\node_modules\glob\sync.js:137:22)
    at GlobSync._process (C:\Users\Mitchell\AppData\Roaming\npm\node_modules\firebase-tools\node_modules\glob\sync.js:132:10)
    at GlobSync._processGlobStar (C:\Users\Mitchell\AppData\Roaming\npm\node_modules\firebase-tools\node_modules\glob\sync.js:380:10)
    at GlobSync._process (C:\Users\Mitchell\AppData\Roaming\npm\node_modules\firebase-tools\node_modules\glob\sync.js:130:10)
    at GlobSync._processGlobStar (C:\Users\Mitchell\AppData\Roaming\npm\node_modules\firebase-tools\node_modules\glob\sync.js:383:10)
    at GlobSync._process (C:\Users\Mitchell\AppData\Roaming\npm\node_modules\firebase-tools\node_modules\glob\sync.js:130:10)
[error] 
[error] Error: An unexpected error has occurred.
[debug] [2024-04-09T19:59:21.788Z] ----------------------------------------------------------------------
[debug] [2024-04-09T19:59:21.791Z] Command:       C:\Program Files\nodejs\node.exe C:\Users\Mitchell\AppData\Roaming\npm\node_modules\firebase-tools\lib\bin\firebase.js deploy
[debug] [2024-04-09T19:59:21.791Z] CLI Version:   13.6.0
[debug] [2024-04-09T19:59:21.792Z] Platform:      win32
[debug] [2024-04-09T19:59:21.792Z] Node Version:  v20.11.1
[debug] [2024-04-09T19:59:21.792Z] Time:          Tue Apr 09 2024 12:59:21 GMT-0700 (Pacific Daylight Saving Time)
[debug] [2024-04-09T19:59:21.792Z] ----------------------------------------------------------------------
[debug] 
[debug] [2024-04-09T19:59:21.861Z] > command requires scopes: ["email","openid","https://www.googleapis.com/auth/cloudplatformprojects.readonly","https://www.googleapis.com/auth/firebase","https://www.googleapis.com/auth/cloud-platform"]
[debug] [2024-04-09T19:59:21.861Z] > authorizing via signed-in user (mitchell.macdonald10@gmail.com)
[debug] [2024-04-09T19:59:21.861Z] [iam] checking project screenaid-6bd5a for permissions ["datastore.indexes.create","datastore.indexes.delete","datastore.indexes.list","datastore.indexes.update","firebase.projects.get","firebasehosting.sites.update"]
[debug] [2024-04-09T19:59:21.864Z] >>> [apiv2][query] POST https://cloudresourcemanager.googleapis.com/v1/projects/screenaid-6bd5a:testIamPermissions [none]
[debug] [2024-04-09T19:59:21.864Z] >>> [apiv2][(partial)header] POST https://cloudresourcemanager.googleapis.com/v1/projects/screenaid-6bd5a:testIamPermissions x-goog-quota-user=projects/screenaid-6bd5a
[debug] [2024-04-09T19:59:21.864Z] >>> [apiv2][body] POST https://cloudresourcemanager.googleapis.com/v1/projects/screenaid-6bd5a:testIamPermissions {"permissions":["datastore.indexes.create","datastore.indexes.delete","datastore.indexes.list","datastore.indexes.update","firebase.projects.get","firebasehosting.sites.update"]}
[debug] [2024-04-09T19:59:22.119Z] <<< [apiv2][status] POST https://cloudresourcemanager.googleapis.com/v1/projects/screenaid-6bd5a:testIamPermissions 200
[debug] [2024-04-09T19:59:22.120Z] <<< [apiv2][body] POST https://cloudresourcemanager.googleapis.com/v1/projects/screenaid-6bd5a:testIamPermissions {"permissions":["datastore.indexes.create","datastore.indexes.delete","datastore.indexes.list","datastore.indexes.update","firebase.projects.get","firebasehosting.sites.update"]}
[debug] [2024-04-09T19:59:22.120Z] >>> [apiv2][query] GET https://firebase.googleapis.com/v1beta1/projects/screenaid-6bd5a [none]
[debug] [2024-04-09T19:59:22.277Z] <<< [apiv2][status] GET https://firebase.googleapis.com/v1beta1/projects/screenaid-6bd5a 200
[debug] [2024-04-09T19:59:22.277Z] <<< [apiv2][body] GET https://firebase.googleapis.com/v1beta1/projects/screenaid-6bd5a {"projectId":"screenaid-6bd5a","projectNumber":"678711028474","displayName":"ScreenAID","name":"projects/screenaid-6bd5a","resources":{"hostingSite":"screenaid-6bd5a"},"state":"ACTIVE","etag":"1_41bc54d5-6e41-406f-8e5f-d5029d760c5e"}
[info] 
[info] === Deploying to 'screenaid-6bd5a'...
[info] 
[info] i  deploying firestore, hosting 
[info] i  firestore: reading indexes from firestore.indexes.json... 
[info] i  cloud.firestore: checking firestore.rules for compilation errors... 
[debug] [2024-04-09T19:59:22.287Z] >>> [apiv2][query] POST https://firebaserules.googleapis.com/v1/projects/screenaid-6bd5a:test [none]
[debug] [2024-04-09T19:59:22.290Z] >>> [apiv2][body] POST https://firebaserules.googleapis.com/v1/projects/screenaid-6bd5a:test [omitted]
[debug] [2024-04-09T19:59:22.425Z] <<< [apiv2][status] POST https://firebaserules.googleapis.com/v1/projects/screenaid-6bd5a:test 200
[debug] [2024-04-09T19:59:22.426Z] <<< [apiv2][body] POST https://firebaserules.googleapis.com/v1/projects/screenaid-6bd5a:test {}
[info] +  cloud.firestore: rules file firestore.rules compiled successfully 
[debug] [2024-04-09T19:59:22.436Z] >>> [apiv2][query] POST https://firebasehosting.googleapis.com/v1beta1/projects/-/sites/screenaid-6bd5a/versions [none]
[debug] [2024-04-09T19:59:22.436Z] >>> [apiv2][body] POST https://firebasehosting.googleapis.com/v1beta1/projects/-/sites/screenaid-6bd5a/versions {"status":"CREATED","labels":{"deployment-tool":"cli-firebase"}}
[debug] [2024-04-09T19:59:23.139Z] <<< [apiv2][status] POST https://firebasehosting.googleapis.com/v1beta1/projects/-/sites/screenaid-6bd5a/versions 200
[debug] [2024-04-09T19:59:23.139Z] <<< [apiv2][body] POST https://firebasehosting.googleapis.com/v1beta1/projects/-/sites/screenaid-6bd5a/versions {"name":"projects/678711028474/sites/screenaid-6bd5a/versions/2441256e396f5096","status":"CREATED","config":{},"labels":{"deployment-tool":"cli-firebase"}}
[info] i  firestore: deploying indexes... 
[debug] [2024-04-09T19:59:23.141Z] >>> [apiv2][query] GET https://firebaserules.googleapis.com/v1/projects/screenaid-6bd5a/releases pageSize=10&pageToken=
[debug] [2024-04-09T19:59:23.142Z] >>> [apiv2][query] GET https://firestore.googleapis.com/v1/projects/screenaid-6bd5a/databases/(default)/collectionGroups/-/indexes [none]
[debug] [2024-04-09T19:59:23.421Z] <<< [apiv2][status] GET https://firebaserules.googleapis.com/v1/projects/screenaid-6bd5a/releases 200
[debug] [2024-04-09T19:59:23.422Z] <<< [apiv2][body] GET https://firebaserules.googleapis.com/v1/projects/screenaid-6bd5a/releases {"releases":[{"name":"projects/screenaid-6bd5a/releases/cloud.firestore","rulesetName":"projects/screenaid-6bd5a/rulesets/b72eb869-3be6-454b-b775-54b54be044c5","createTime":"2024-03-19T21:03:46.464777Z","updateTime":"2024-03-19T21:03:46.464777Z"}]}
[debug] [2024-04-09T19:59:23.423Z] >>> [apiv2][query] GET https://firebaserules.googleapis.com/v1/projects/screenaid-6bd5a/rulesets/b72eb869-3be6-454b-b775-54b54be044c5 [none]
[debug] [2024-04-09T19:59:23.478Z] <<< [apiv2][status] GET https://firestore.googleapis.com/v1/projects/screenaid-6bd5a/databases/(default)/collectionGroups/-/indexes 200
[debug] [2024-04-09T19:59:23.478Z] <<< [apiv2][body] GET https://firestore.googleapis.com/v1/projects/screenaid-6bd5a/databases/(default)/collectionGroups/-/indexes {}
[debug] [2024-04-09T19:59:23.478Z] >>> [apiv2][query] GET https://firestore.googleapis.com/v1/projects/screenaid-6bd5a/databases/(default)/collectionGroups/-/fields?filter=indexConfig.usesAncestorConfig=false OR ttlConfig:* [none]
[debug] [2024-04-09T19:59:23.558Z] <<< [apiv2][status] GET https://firestore.googleapis.com/v1/projects/screenaid-6bd5a/databases/(default)/collectionGroups/-/fields?filter=indexConfig.usesAncestorConfig=false OR ttlConfig:* 200
[debug] [2024-04-09T19:59:23.558Z] <<< [apiv2][body] GET https://firestore.googleapis.com/v1/projects/screenaid-6bd5a/databases/(default)/collectionGroups/-/fields?filter=indexConfig.usesAncestorConfig=false OR ttlConfig:* {"fields":[{"name":"projects/screenaid-6bd5a/databases/(default)/collectionGroups/__default__/fields/*","indexConfig":{"indexes":[{"queryScope":"COLLECTION","fields":[{"fieldPath":"*","order":"ASCENDING"}],"state":"READY"},{"queryScope":"COLLECTION","fields":[{"fieldPath":"*","order":"DESCENDING"}],"state":"READY"},{"queryScope":"COLLECTION","fields":[{"fieldPath":"*","arrayConfig":"CONTAINS"}],"state":"READY"}]}}]}
[info] +  firestore: deployed indexes in firestore.indexes.json successfully for (default) database 
[debug] [2024-04-09T19:59:23.709Z] <<< [apiv2][status] GET https://firebaserules.googleapis.com/v1/projects/screenaid-6bd5a/rulesets/b72eb869-3be6-454b-b775-54b54be044c5 200
[debug] [2024-04-09T19:59:23.709Z] <<< [apiv2][body] GET https://firebaserules.googleapis.com/v1/projects/screenaid-6bd5a/rulesets/b72eb869-3be6-454b-b775-54b54be044c5 [omitted]
[info] i  firestore: latest version of firestore.rules already up to date, skipping upload... 
[info] i  hosting[screenaid-6bd5a]: beginning deploy... 
[debug] [2024-04-09T19:59:24.692Z] Error: EPERM: operation not permitted, scandir 'C:\Users\Mitchell\AppData\Local\Application Data'
    at Object.readdirSync (node:fs:1515:26)
    at GlobSync._readdir (C:\Users\Mitchell\AppData\Roaming\npm\node_modules\firebase-tools\node_modules\glob\sync.js:288:46)
    at GlobSync._readdirInGlobStar (C:\Users\Mitchell\AppData\Roaming\npm\node_modules\firebase-tools\node_modules\glob\sync.js:245:17)
    at GlobSync._readdir (C:\Users\Mitchell\AppData\Roaming\npm\node_modules\firebase-tools\node_modules\glob\sync.js:276:17)
    at GlobSync._processReaddir (C:\Users\Mitchell\AppData\Roaming\npm\node_modules\firebase-tools\node_modules\glob\sync.js:137:22)
    at GlobSync._process (C:\Users\Mitchell\AppData\Roaming\npm\node_modules\firebase-tools\node_modules\glob\sync.js:132:10)
    at GlobSync._processGlobStar (C:\Users\Mitchell\AppData\Roaming\npm\node_modules\firebase-tools\node_modules\glob\sync.js:380:10)
    at GlobSync._process (C:\Users\Mitchell\AppData\Roaming\npm\node_modules\firebase-tools\node_modules\glob\sync.js:130:10)
    at GlobSync._processGlobStar (C:\Users\Mitchell\AppData\Roaming\npm\node_modules\firebase-tools\node_modules\glob\sync.js:383:10)
    at GlobSync._process (C:\Users\Mitchell\AppData\Roaming\npm\node_modules\firebase-tools\node_modules\glob\sync.js:130:10)
[error] 
[error] Error: An unexpected error has occurred.
